== ID:B26DD022A073E =============================================

PRIMO 1.0.0 - Primality Certificate

Candidate 1/1
-------------
N = 857591696176672809403750477631580323575362410491

Decimal size = 48
Binary size = 160

-----------------------------------------------------------------
1) EC Test
-----------------------------------------------------------------
N = Candidate
S = 42700
R = 20084114664559082187441424724678486936530381
A = 0
B =-214397924044168202350937619407895080893840602623
T = 2

-----------------------------------------------------------------
2) N+1 Test
-----------------------------------------------------------------
N = R of preceding test
S = 2
R = 10042057332279541093720712362339243468265191
Q = 8

-----------------------------------------------------------------
3) N+1 Test
-----------------------------------------------------------------
N = R of preceding test
S = 41752
R = 240516797573278911039488224811727425471
Q = 3

-----------------------------------------------------------------
4) EC Test
-----------------------------------------------------------------
N = R of preceding test
S = 489839900
R = 491011037633477613851829853939
A =-3440
B = 77658
T = 1

-----------------------------------------------------------------
5) N+1 Test
-----------------------------------------------------------------
N = R of preceding test
S = 43660
R = 11246244563295410303523359
Q = 7

-----------------------------------------------------------------
6) EC Test
-----------------------------------------------------------------
N = R of preceding test
S = 8096
R = 1389111235584673477937
A =-35
B =-98
T = 1

-----------------------------------------------------------------
7) N-1 Test
-----------------------------------------------------------------
N = R of preceding test
S = 16
R = 86819452224042092371
B = 2

-----------------------------------------------------------------
8) N-1 Test
-----------------------------------------------------------------
N = R of preceding test
S = 13110
R = 6622383846227467
B = 2

-----------------------------------------------------------------
9) N-1 Test
-----------------------------------------------------------------
N = R of preceding test
S = 3606
R = 1836490251311
B = 2

-----------------------------------------------------------------
10) SPP Test
-----------------------------------------------------------------
N = R of preceding test

Started 12/26/2001 10:05:10 AM
Running time < 1s

Candidate certified prime

=================================================================
