== ID:B26DD02344176 =============================================

PRIMO 1.0.0 - Primality Certificate

Candidate 1/1
-------------
N = 105463161875830679588039376280097875131450708677287718667935\
    304846735540628094668883953311304264022303756246461410775491\
    47750608762637604532956071747455391

Decimal size = 155
Binary size = 512

-----------------------------------------------------------------
1) EC Test
-----------------------------------------------------------------
N = Candidate
S = 26519064
R = 397688100439105541538115282953040405692488651474606036879489\
    053032699572760544300523496513641099844558115285335672740790\
    310193642581660532833988861
A =-347002181293115757937851233603483519451762363292842772393359\
    649024733402248485144588144394847984085739019051101434713271\
    3652680309139877986867884867379544
B = 488011923544195224415953719133297612343467254050993455130510\
    428718366604402250024391566912679546149502314367482742124379\
    6885411191066521089147793525361019
T = 0

-----------------------------------------------------------------
2) EC Test
-----------------------------------------------------------------
N = R of preceding test
S = 75997
R = 523294472728009712933556960081372166917758137129894649630234\
    157970314055451001504410812143981075446239160559689675357265\
    2881496267284635938417
A =-8697680
B = 9873093538
T = 2

-----------------------------------------------------------------
3) EC Test
-----------------------------------------------------------------
N = R of preceding test
S = 171202
R = 305659088519999598680831392204163600260369701948513831398134\
    459860465445963252396928358684013802198622794836160223257455\
    89117090924014299
A =-175298170577449935361623170007574910848643425578725200256156\
    386592209468133909905405812918237372679544261208116105603975\
    3580037488965753691624
B =-516750944563277181200524284226560065211917112821149680113649\
    619221565663440764358533840435741272266810267002377227825351\
    835282387259318329099
T = 0

-----------------------------------------------------------------
4) EC Test
-----------------------------------------------------------------
N = R of preceding test
S = 112661362
R = 271307822925129911602552250525928845295132950681453532754321\
    272860576692873847767209683276912840894661197714740586308872\
    383527081
A =-30
B =-56
T = 0

-----------------------------------------------------------------
5) EC Test
-----------------------------------------------------------------
N = R of preceding test
S = 12299
R = 220593400215570299701237702679834820144022238134363389506725\
    158815894335447110353310623837263953351403882647872378719438\
    39853
A =-18392
B = 960982
T = 2

-----------------------------------------------------------------
6) EC Test
-----------------------------------------------------------------
N = R of preceding test
S = 417232
R = 528706811116046467435953384878999741496391068121245229289041\
    01266320893149803769178632803889637832325473360250833573547
A =-109550760997955195931875166975115316943811506137986757154756\
    216820334227492032054715156729988440098321695150271611526177\
    43216
B =-994585479773271891658245819736124170932817238926583464808483\
    450150586975364162586873584858048769840328231552770444722356\
    14
T = 0

-----------------------------------------------------------------
7) EC Test
-----------------------------------------------------------------
N = R of preceding test
S = 40
R = 132176702779011616858988346219749935374097767030311307322260\
    8811499828904667805964751220660130397932438896375002279253
A = 135023637534434402709173976366073221922158194621497959955828\
    47729458629393881929505412970916191400192897313938211287019
B = 187573334843918702229234553328247440236738769525622552995468\
    5272241087554317912404426701964881129395945613061039889426
T = 0

-----------------------------------------------------------------
8) EC Test
-----------------------------------------------------------------
N = R of preceding test
S = 4158921
R = 317814891840964559939917940782597061531338938706244497845122\
    929144259847738643405492647452413872501133664412199
A = 0
B = 7
T = 3

-----------------------------------------------------------------
9) EC Test
-----------------------------------------------------------------
N = R of preceding test
S = 163053079483
R = 194914988940212017314124989418552079375166166180886357358901\
    6087378222319636169319884861675234348349
A = 0
B =-794537229602411399849794851956492653828347346765611244612807\
    32286064961934660851373161863103468125283416103050
T = 2

-----------------------------------------------------------------
10) EC Test
-----------------------------------------------------------------
N = R of preceding test
S = 450914918479
R = 432265558207051413040513693033651240636148617988668817747787\
    2010563858220833435110974013
A = 0
B = 6
T = 2

-----------------------------------------------------------------
11) EC Test
-----------------------------------------------------------------
N = R of preceding test
S = 618629
R = 698747647147242390900707359392545840295473710058366286594670\
    4038836694733705906969
A =-3440
B = 77658
T = 0

-----------------------------------------------------------------
12) EC Test
-----------------------------------------------------------------
N = R of preceding test
S = 870332
R = 802851839467286496303373148858764058193298041210811826226376\
    6006125262831579
A =-301530342463582319175911519133015406959977624808055100136853\
    7031201902699788188364
B = 347627475348602437415428929975448869621398381569803550856406\
    5131044761519806650579
T = 0

-----------------------------------------------------------------
13) N-1 Test
-----------------------------------------------------------------
N = R of preceding test
S = 72198
R = 111201396086773386562421832856694653341269569961884238652923\
    432866911311
B = 2

-----------------------------------------------------------------
14) EC Test
-----------------------------------------------------------------
N = R of preceding test
S = 11309
R = 983299991924780144684957404338974740424856879949478267020649\
    7230773
A =-152
B =-722
T = 1

-----------------------------------------------------------------
15) EC Test
-----------------------------------------------------------------
N = R of preceding test
S = 353817831
R = 27791137296434903098056621243008365666484917139525067628741
A = 0
B = 3
T = 1

-----------------------------------------------------------------
16) EC Test
-----------------------------------------------------------------
N = R of preceding test
S = 4362677
R = 6370202812730555825713574771448917142510253474497251
A =-608
B = 5776
T = 0

-----------------------------------------------------------------
17) EC Test
-----------------------------------------------------------------
N = R of preceding test
S = 787
R = 8094285657853311087310768627438678165351193380279
A =-8697680
B =-9873093538
T = 2

-----------------------------------------------------------------
18) N-1 Test
-----------------------------------------------------------------
N = R of preceding test
S = 14247351834
R = 568125624478300581799948875147479436167
B = 2

-----------------------------------------------------------------
19) EC Test
-----------------------------------------------------------------
N = R of preceding test
S = 700
R = 811608034969000831114022987071696723
A =-152
B =-722
T = 3

-----------------------------------------------------------------
20) N-1 Test
-----------------------------------------------------------------
N = R of preceding test
S = 2421258
R = 335200971961270063377807316309
B = 2

-----------------------------------------------------------------
21) EC Test
-----------------------------------------------------------------
N = R of preceding test
S = 27289008
R = 12283369624915273711213
A = 0
B = 16
T = 3

-----------------------------------------------------------------
22) EC Test
-----------------------------------------------------------------
N = R of preceding test
S = 17071
R = 719545991724075709
A = 0
B = 2
T = 1

-----------------------------------------------------------------
23) N-1 Test
-----------------------------------------------------------------
N = R of preceding test
S = 36
R = 19987388659002103
B = 2

-----------------------------------------------------------------
24) N-1 Test
-----------------------------------------------------------------
N = R of preceding test
S = 18488262
R = 1081085321
B = 2

-----------------------------------------------------------------
25) SPP Test
-----------------------------------------------------------------
N = R of preceding test

Started 12/26/2001 10:16:20 AM
Running time 6s

Candidate certified prime

=================================================================
