== ID:B26DD022D8AB3 =============================================

PRIMO 1.0.0 - Primality Certificate

Candidate 1/1
-------------
N = 779626057591079617852292862756047675913380626199

Decimal size = 48
Binary size = 160

-----------------------------------------------------------------
1) EC Test
-----------------------------------------------------------------
N = Candidate
S = 9100778
R = 85665869180753515562328115300549008475601
A =-131794349940282390945752936253203829406754177311
B =-260863921695822129925465713563709470708377371565
T = 1

-----------------------------------------------------------------
2) EC Test
-----------------------------------------------------------------
N = R of preceding test
S = 400
R = 214164672951883788906393121211522621087
A =-315
B = 2646
T = 2

-----------------------------------------------------------------
3) EC Test
-----------------------------------------------------------------
N = R of preceding test
S = 475658
R = 450249281946028005165136886098627
A = 45476964532198923562315445875132183667
B =-22663429919071398275575431514669256128
T = 0

-----------------------------------------------------------------
4) N-1 Test
-----------------------------------------------------------------
N = R of preceding test
S = 18
R = 25013848997001555842507604783257
B = 2

-----------------------------------------------------------------
5) EC Test
-----------------------------------------------------------------
N = R of preceding test
S = 35208132
R = 710456578525709975346619
A =-270
B = 1512
T = 1

-----------------------------------------------------------------
6) N+1 Test
-----------------------------------------------------------------
N = R of preceding test
S = 14312347220
R = 49639417462771
Q = 7

-----------------------------------------------------------------
7) SPP Test
-----------------------------------------------------------------
N = R of preceding test

Started 12/26/2001 10:09:00 AM
Running time < 1s

Candidate certified prime

=================================================================
