== ID:B26F1028E6A9F =============================================

PRIMO 1.0.0 - Primality Certificate

Candidate 1/1
-------------
N = 122518517091628953791311053987407260199145001268339921427891\
    459821273842247246953402691015457997699707579543804611263249\
    16111831628485402582809188406120511

Decimal size = 155
Binary size = 512

-----------------------------------------------------------------
1) EC Test
-----------------------------------------------------------------
N = Candidate
S = 3106671184
R = 394372335645383685354037307050282474307538435867952227505167\
    021954370573153149999757251592382648618774425509576618332095\
    7939058639074291706540157
A =-35
B = 98
T = 0

-----------------------------------------------------------------
2) EC Test
-----------------------------------------------------------------
N = R of preceding test
S = 42914
R = 918982932482135632553565985576461001788550207083823991017306\
    757595121809920530595620609292393926510084240864539368226180\
    58420343357904234833
A = 147786203200383775858909089813431769135628834218365383113277\
    444503009671417290828611857960197361446345954775134911423658\
    0350768280059088097519546
B =-802124293128453888889320982763854818890415467289363182031109\
    606227430915227842708780429662896362114743240304307044241407\
    59896663736148204138572
T = 1

-----------------------------------------------------------------
3) EC Test
-----------------------------------------------------------------
N = R of preceding test
S = 673
R = 136550212850243036040648734855343388081508203132811885738084\
    213609973547643080421087019431082360717552771680934642297402\
    720155438586958669
A =-78279120
B = 266573525526
T = 0

-----------------------------------------------------------------
4) EC Test
-----------------------------------------------------------------
N = R of preceding test
S = 287049
R = 475703496093848214209590470112570982938481594197547755742344\
    385836474277892937779511113358997539243908347116159884448839\
    800389009513
A = 0
B = 4
T = 1

-----------------------------------------------------------------
5) EC Test
-----------------------------------------------------------------
N = R of preceding test
S = 72
R = 660699300130344741957764541823015254081224436385482994086589\
    424772916941741796972878502524461621113892773319188963942572\
    2753387381
A =-577123594386514492498039737112833319806658511695552476152119\
    790236994138542271438548086011193425638453270458678609689714\
    41544438232
B =-562411496930815269321034081949012895402177268793038658206819\
    923889369521204634521672117149943898927578399070899694377532\
    99752002306
T = 1

-----------------------------------------------------------------
6) EC Test
-----------------------------------------------------------------
N = R of preceding test
S = 5248772
R = 125876928952209153294859167405826592216469764048711392700347\
    705094165611670938663661406418633103650712408838107952286828\
    3463
A =-29480
B = 1948226
T = 1

-----------------------------------------------------------------
7) EC Test
-----------------------------------------------------------------
N = R of preceding test
S = 7525
R = 167278310899945718664264674293457265403946530297290887309432\
    173367930797206132563283147339936845428432652002930254221341
A =-152
B = 722
T = 0

-----------------------------------------------------------------
8) N-1 Test
-----------------------------------------------------------------
N = R of preceding test
S = 144101291340
R = 116083838905551974815678757465225963882709595638583322711695\
    1201694420549154063974144170496902955987296789501
B = 2

-----------------------------------------------------------------
9) EC Test
-----------------------------------------------------------------
N = R of preceding test
S = 9181442
R = 126433123365101010076280781891587360550455577281415405679861\
    680436386317233662265013092877030771526101
A = 2
B = 0
T = 3

-----------------------------------------------------------------
10) EC Test
-----------------------------------------------------------------
N = R of preceding test
S = 95481730786
R = 132416036370843892545147418764541288748288335077159445366013\
    4324714735618744064708311340637
A = 632165616825505050381403909457936802752277886407077028399308\
    40218193158616831132506546438515385763051
B = 0
T = 1

-----------------------------------------------------------------
11) EC Test
-----------------------------------------------------------------
N = R of preceding test
S = 1152746473732
R = 114870042449272383479485201649849785435516394198544775823503\
    0107118791782470357
A =-104770131363432225338851673358262967999290016345467935803927\
    59543050407832484041488328264
B =-368832761138894516819843956958589714009316883161185090641395\
    794442180744884101702847265474
T = 0

-----------------------------------------------------------------
12) N+1 Test
-----------------------------------------------------------------
N = R of preceding test
S = 1324084258
R = 867543298360642419777829589224296822925572416242296083724779\
    172715451
Q = 2

-----------------------------------------------------------------
13) EC Test
-----------------------------------------------------------------
N = R of preceding test
S = 6199
R = 139948910850240751698310951641280345500206128106411904070968\
    244231
A = 102969022284114033908473860172323452201407684495712245257511\
    106478899
B = 357827114309623495864925769856314575776129261744573524746600\
    461891083
T = 2

-----------------------------------------------------------------
14) EC Test
-----------------------------------------------------------------
N = R of preceding test
S = 105366818700
R = 1328206664839172483227976129844751727324839581655484333
A =-573334694955690683557011108354911341269836417353947102379897\
    70986
B = 550769609031144555617398938705261409154816575806781292219856\
    48830
T = 0

-----------------------------------------------------------------
15) EC Test
-----------------------------------------------------------------
N = R of preceding test
S = 415441
R = 3197100586699850239210805217396933185882911641577
A = 255984414153940705669150583867101651919229013442586564
B =-170656276102627137112767055911401101279486008961724376
T = 2

-----------------------------------------------------------------
16) N+1 Test
-----------------------------------------------------------------
N = R of preceding test
S = 19594
R = 163167326053886406002388752546541450744253937
Q = 31

-----------------------------------------------------------------
17) EC Test
-----------------------------------------------------------------
N = R of preceding test
S = 3059212
R = 53336390565245692682430502702625538851
A =-66858539926595237470222426834077445970093360
B = 56124446769676228282620675333019536278373239
T = 1

-----------------------------------------------------------------
18) EC Test
-----------------------------------------------------------------
N = R of preceding test
S = 805979203
R = 66175889361311091651618665029
A =-152
B =-722
T = 0

-----------------------------------------------------------------
19) N-1 Test
-----------------------------------------------------------------
N = R of preceding test
S = 924
R = 71618927880206809146773447
B = 2

-----------------------------------------------------------------
20) N+1 Test
-----------------------------------------------------------------
N = R of preceding test
S = 15895944
R = 4505484410375804617
Q = 5

-----------------------------------------------------------------
21) EC Test
-----------------------------------------------------------------
N = R of preceding test
S = 5187
R = 868610836901371
A = 0
B = 9
T = 2

-----------------------------------------------------------------
22) EC Test
-----------------------------------------------------------------
N = R of preceding test
S = 7410475
R = 117213919
A = 0
B = 10
T = 3

-----------------------------------------------------------------
23) SPP Test
-----------------------------------------------------------------
N = R of preceding test

Started 01/15/2002 11:54:49 AM
Running time 5s

Candidate certified prime

=================================================================
