== ID:B26DD02359EFD =============================================

PRIMO 1.0.0 - Primality Certificate

Candidate 1/1
-------------
N = 130718315911261698068665832876077948270789466126868737113889\
    419902409501026464498622732825267988651638865832400996209450\
    21552922983089956895688854227779339

Decimal size = 155
Binary size = 512

-----------------------------------------------------------------
1) EC Test
-----------------------------------------------------------------
N = Candidate
S = 5505900
R = 237414983765164093188517468308683318387165524486221575244536\
    624171179100649238749768753735807448958414664016570181403509\
    9069377246376065921348551523
A =-264
B = 1694
T = 2

-----------------------------------------------------------------
2) EC Test
-----------------------------------------------------------------
N = R of preceding test
S = 16264558035
R = 145970756324436511618077587872607273332014351588387058956770\
    862031714039537292297806368962575596014829563373913738856643\
    125619957081627991
A =-152
B = 722
T = 2

-----------------------------------------------------------------
3) EC Test
-----------------------------------------------------------------
N = R of preceding test
S = 2925
R = 499045320767304313224196881615751361818852484062861740023148\
    246262267695486536220095961555388804173524037186900791908866\
    91382702252389
A =-3440
B = 77658
T = 0

-----------------------------------------------------------------
4) EC Test
-----------------------------------------------------------------
N = R of preceding test
S = 234647210578001
R = 212678991383710727366600711054491372779067692510012237792365\
    999876952727249352719520344191684028334654787564516240774431
A = 224491563994693012127742083486197344967170084198027396800162\
    311398770283724106807239887974237765345699104137190703109694\
    62090621364089
B =-149661042663128674751828055657464896644780056132018264533441\
    540932513522482737871493258649491843563799402758127135406463\
    08060414242726
T = 1

-----------------------------------------------------------------
5) EC Test
-----------------------------------------------------------------
N = R of preceding test
S = 341067
R = 623569537315866757459973292797284324719388543922490999693215\
    145960668608329024564605890009243079235509313498662651
A =-264
B = 1694
T = 3

-----------------------------------------------------------------
6) N-1 Test
-----------------------------------------------------------------
N = R of preceding test
S = 50
R = 124713907463173351491994658559456864943877708784498199938643\
    02919213372166580491292117800184861584710186269973253
B = 2

-----------------------------------------------------------------
7) EC Test
-----------------------------------------------------------------
N = R of preceding test
S = 74033633778
R = 168455742476649329128104354871798583815662168974804364001056\
    284882548119006192003361030507371210907747
A = 513984044631301819994003117091742309254402095657625117134303\
    4001440646170753167791119171970563739335954276720402
B =-114451053943890383740382867441588569038965249489456933972443\
    7202415341184359240254240745648517857727533114416621
T = 0

-----------------------------------------------------------------
8) EC Test
-----------------------------------------------------------------
N = R of preceding test
S = 3136622370
R = 537060961140340681585154781867472888729229362012122030143890\
    18163744854827781697210604417917
A = 298310152602725212690495177448029466305647941904373457990561\
    20507700145380739039912682883614697740656
B = 986922770168224485780581898313344714053541692029439864103332\
    0011698213235436894019604544944843089356
T = 0

-----------------------------------------------------------------
9) EC Test
-----------------------------------------------------------------
N = R of preceding test
S = 40196168
R = 133609990171287143984758642134114099813999524018571732748998\
    8499682111071674235125977
A =-1
B = 0
T = 2

-----------------------------------------------------------------
10) EC Test
-----------------------------------------------------------------
N = R of preceding test
S = 3474
R = 384599856566744801337819925544369890080597809191778109767371\
    954914346633468671409
A =-146956295757602947206515118072272275568928981672209412205156\
    61391345238365191580154
B = 0
T = 2

-----------------------------------------------------------------
11) EC Test
-----------------------------------------------------------------
N = R of preceding test
S = 59465067523
R = 646766030187367759054045202188561366010745866737475718556900\
    5014200651
A = 0
B = 7
T = 1

-----------------------------------------------------------------
12) EC Test
-----------------------------------------------------------------
N = R of preceding test
S = 1394
R = 463964153649474719550964994396385496379188877855967320332935\
    6801641
A =-30
B =-56
T = 2

-----------------------------------------------------------------
13) EC Test
-----------------------------------------------------------------
N = R of preceding test
S = 3630112
R = 127809872987245219858496099954047071514382123169625775620318\
    1
A = 1
B = 0
T = 2

-----------------------------------------------------------------
14) EC Test
-----------------------------------------------------------------
N = R of preceding test
S = 582804
R = 2193016399805856168771938764217654418388625973168797621
A = 473379931784307091935558523764015148425104595218617961828072
B =-459365113544954013371804936391000805722038042416590201664258
T = 1

-----------------------------------------------------------------
15) EC Test
-----------------------------------------------------------------
N = R of preceding test
S = 336712396
R = 6513025436122809594369489046617245669192096039
A = 72671217998468724725564942463153547496601318647469411
B =-1039727807821844100615037376603835469510411959218863866
T = 2

-----------------------------------------------------------------
16) EC Test
-----------------------------------------------------------------
N = R of preceding test
S = 6106189837
R = 1066626752522107935631412546198937011
A =-3440
B =-77658
T = 3

-----------------------------------------------------------------
17) N-1 Test
-----------------------------------------------------------------
N = R of preceding test
S = 10
R = 106662675252210793563141254619893701
B = 2

-----------------------------------------------------------------
18) N+1 Test
-----------------------------------------------------------------
N = R of preceding test
S = 26
R = 4102410586623492060120817485380527
Q = 2

-----------------------------------------------------------------
19) N-1 Test
-----------------------------------------------------------------
N = R of preceding test
S = 8634
R = 475146002620279367630393500739
B = 2

-----------------------------------------------------------------
20) EC Test
-----------------------------------------------------------------
N = R of preceding test
S = 7684912
R = 61828424661242664004777
A =-35
B = 98
T = 1

-----------------------------------------------------------------
21) N-1 Test
-----------------------------------------------------------------
N = R of preceding test
S = 8759352
R = 7058561485055363
B = 2

-----------------------------------------------------------------
22) N+1 Test
-----------------------------------------------------------------
N = R of preceding test
S = 36
R = 196071152362649
Q = 2

-----------------------------------------------------------------
23) SPP Test
-----------------------------------------------------------------
N = R of preceding test

Started 12/26/2001 10:17:50 AM
Running time 4s

Candidate certified prime

=================================================================
