== ID:B26F10293C5EE =============================================

PRIMO 1.0.0 - Primality Certificate

Candidate 1/1
-------------
N = 127082276889637468599721775375831415585152534152818421427150\
    037489350200861283074565528080927242183756280575688790438961\
    90971397254571879134654482682434379

Decimal size = 155
Binary size = 512

-----------------------------------------------------------------
1) EC Test
-----------------------------------------------------------------
N = Candidate
S = 8322052
R = 152705458809482887873954374925596974862873404483435601492456\
    472861921796284475057351699965289498916664745776417395218005\
    5116942551313725663031898839
A = 184841296679173225254240124934981834908956881228367962202812\
    615363004225426984522951040539388306053488372702436295299142\
    0545327127417014471881938875080728
B = 300380058512676078496245834629450162011203859690482763288625\
    048055831185919620566584399910165269910195353450671771263778\
    3293580999912616730296868310757641
T = 3

-----------------------------------------------------------------
2) N-1 Test
-----------------------------------------------------------------
N = R of preceding test
S = 457402766
R = 333853378598683174281360543686779923982517859289542646736982\
    069019499100021784864658426585224233026751626107170054188097\
    1303401674911877693
B = 2

-----------------------------------------------------------------
3) EC Test
-----------------------------------------------------------------
N = R of preceding test
S = 199105106
R = 167676954803300310280018908046878478336219995929960051721115\
    614694230504042964757764202341604945329756778227255602810867\
    99246755761
A = 503570826069746006690768239506804116386948721568083748185296\
    953574320992362661463010846878192647815648142640063173136688\
    960946889925760687
B =-118107394857748296482050707639066535649368459648833280668080\
    854027756698151811506089533704338829727500706208740669819478\
    0318279141852630235
T = 0

-----------------------------------------------------------------
4) EC Test
-----------------------------------------------------------------
N = R of preceding test
S = 237296
R = 706615175996646847313140162695024266469809840578686752920890\
    426697662491791974895612835966417403923389038439908359226092\
    22023
A =-809980328700424360487798452145964518219460318960514455801664\
    250204183653163160355834374493022559883700051353377271972820\
    9384983802
B =-447023994463357129133205346662166286241225493347050072311036\
    430512551158065774671088542082207165741166473879102959532883\
    8989694533
T = 0

-----------------------------------------------------------------
5) EC Test
-----------------------------------------------------------------
N = R of preceding test
S = 101408725
R = 696799191584991180308341479192272919780630158380047429765920\
    462276477120674356370801558967927027747150274236029097611
A =-152
B = 722
T = 0

-----------------------------------------------------------------
6) N-1 Test
-----------------------------------------------------------------
N = R of preceding test
S = 30
R = 232266397194997060102780493064090973260210052793349143255306\
    82075882570689145212360051965597567591571675807867636587
B = 2

-----------------------------------------------------------------
7) EC Test
-----------------------------------------------------------------
N = R of preceding test
S = 661032
R = 351369369705244315105441934829313820299486337716402750933978\
    68930925666610471626123485374876067996596088789679
A =-35
B =-98
T = 0

-----------------------------------------------------------------
8) EC Test
-----------------------------------------------------------------
N = R of preceding test
S = 12772
R = 275109121285033131150518270301686361023713073689635727228347\
    2736988167484187531257717756038887742690766957
A =-145812110428006216039597006229114138222862016431150587698703\
    64491268992143291457718292385607879823060920394636
B =-137038172851492066043896619066799788051082880856834775490183\
    36293104449644786778936795326178792115690112263362
T = 1

-----------------------------------------------------------------
9) EC Test
-----------------------------------------------------------------
N = R of preceding test
S = 1159298892
R = 237306464435949043545293296374241994034195172585083191841485\
    3070112872229017159266628579038130211
A = 167415195238122016049685984648081781288769766431283937539588\
    194179132639175953974765728046323530437392198
B = 983256143953502698018787966820019651239170993020386705324605\
    098106977494344818559573367683686030974265521
T = 1

-----------------------------------------------------------------
10) EC Test
-----------------------------------------------------------------
N = R of preceding test
S = 281
R = 844506990875263500161186108093387879125249724501122740309585\
    8085077878866264771524640950417897
A =-348788631960652339152276576812093304578839930526355786370905\
    545924355652636065621305924790781757
B =-558495793479395252382793270039411110394757288266040115224347\
    326088053641248342674672243152188899
T = 0

-----------------------------------------------------------------
11) EC Test
-----------------------------------------------------------------
N = R of preceding test
S = 556348
R = 151794738342775295347729498100718952728373198877593691286870\
    08543680111342179088045839943
A =-128840335108958837864482665375136517790425021168786406075891\
    5967268096776310566678999009177141
B =-384667284672881207652839080706712138975468666415031123546912\
    5364418196222186427449220593214800
T = 0

-----------------------------------------------------------------
12) EC Test
-----------------------------------------------------------------
N = R of preceding test
S = 52890052
R = 287000546610873620142648939162924159591246384676783290192797\
    782500654358348748941
A = 0
B = 5
T = 3

-----------------------------------------------------------------
13) EC Test
-----------------------------------------------------------------
N = R of preceding test
S = 15733
R = 182419466478658628451438974869970227922994687729240867527954\
    24423962056418229
A =-152
B = 722
T = 6

-----------------------------------------------------------------
14) N+1 Test
-----------------------------------------------------------------
N = R of preceding test
S = 330
R = 552786262056541298337693863242334024009074811300729901599861\
    34618066837631
Q = 3

-----------------------------------------------------------------
15) EC Test
-----------------------------------------------------------------
N = R of preceding test
S = 2884
R = 191673461184653709548437539265719148454414280307738754522782\
    30215550309
A = 0
B =-138196565514135324584423465810583506002268702825182475399965\
    33654516709408
T = 2

-----------------------------------------------------------------
16) EC Test
-----------------------------------------------------------------
N = R of preceding test
S = 38715249
R = 495085182545651997610650881428449940263152738431250977565692\
    459
A = 0
B = 4
T = 1

-----------------------------------------------------------------
17) EC Test
-----------------------------------------------------------------
N = R of preceding test
S = 358
R = 138291950431746368047667843974415490827412194683373855703343\
    1
A = 205000806034118367243622632127491398971365734406746460477920\
    041
B = 209996380541231464149695531720412342702577091895187956600284\
    049
T = 2

-----------------------------------------------------------------
18) EC Test
-----------------------------------------------------------------
N = R of preceding test
S = 5800
R = 238434397296114427668392834438248678956827242774072147571
A =-35
B =-98
T = 1

-----------------------------------------------------------------
19) EC Test
-----------------------------------------------------------------
N = R of preceding test
S = 48777
R = 4888254654778162405814068811733931482743016781320481
A =-264
B = 1694
T = 0

-----------------------------------------------------------------
20) N-1 Test
-----------------------------------------------------------------
N = R of preceding test
S = 18807840
R = 259905159485521059612059056847247290637469097
B = 2

-----------------------------------------------------------------
21) N+1 Test
-----------------------------------------------------------------
N = R of preceding test
S = 5822237526
R = 44640081811310330868156864826481023
Q = 6

-----------------------------------------------------------------
22) N+1 Test
-----------------------------------------------------------------
N = R of preceding test
S = 404608
R = 110329212005967086335803703403
Q = 3

-----------------------------------------------------------------
23) N+1 Test
-----------------------------------------------------------------
N = R of preceding test
S = 84
R = 1313443000071036742092901231
Q = 2

-----------------------------------------------------------------
24) N+1 Test
-----------------------------------------------------------------
N = R of preceding test
S = 22943663695216
R = 57246437078177
Q = 3

-----------------------------------------------------------------
25) SPP Test
-----------------------------------------------------------------
N = R of preceding test

Started 01/15/2002 12:00:40 PM
Running time 6s

Candidate certified prime

=================================================================
