== ID:B26DD022F8215 =============================================

PRIMO 1.0.0 - Primality Certificate

Candidate 1/1
-------------
N = 961301750640481375785983980066592002055764391999

Decimal size = 48
Binary size = 160

-----------------------------------------------------------------
1) EC Test
-----------------------------------------------------------------
N = Candidate
S = 35421
R = 27139317089875536427147313786515480374637459
A =-264
B = 1694
T = 0

-----------------------------------------------------------------
2) N-1 Test
-----------------------------------------------------------------
N = R of preceding test
S = 16903386
R = 1605555069846688493485702437755103053
B = 2

-----------------------------------------------------------------
3) EC Test
-----------------------------------------------------------------
N = R of preceding test
S = 8524
R = 188357000216645764393854657071849
A =-3440
B = 77658
T = 2

-----------------------------------------------------------------
4) N-1 Test
-----------------------------------------------------------------
N = R of preceding test
S = 10838408
R = 17378659321244020744915181
B = 2

-----------------------------------------------------------------
5) N+1 Test
-----------------------------------------------------------------
N = R of preceding test
S = 53298133554
R = 326065063866383
Q = 3

-----------------------------------------------------------------
6) N-1 Test
-----------------------------------------------------------------
N = R of preceding test
S = 62974
R = 5177772793
B = 2

-----------------------------------------------------------------
7) SPP Test
-----------------------------------------------------------------
N = R of preceding test

Started 12/26/2001 10:11:09 AM
Running time < 1s

Candidate certified prime

=================================================================
