== ID:B26DD023184EC =============================================

PRIMO 1.0.0 - Primality Certificate

Candidate 1/1
-------------
N = 100118901558707537815097125065711770464844209906490990675632\
    166899077982048699652005805725502153995729686632044803805891\
    50270678087309874611404073644231819

Decimal size = 155
Binary size = 512

-----------------------------------------------------------------
1) EC Test
-----------------------------------------------------------------
N = Candidate
S = 89
R = 112493147818772514398985533781698618499824954951113472669249\
    625729301103425507402774022420836863229299609813427240159842\
    785032051561675583067171165364069
A =-243410641214105199294033181966078116382074805396023587351627\
    818200571479109798833113731966376731025937768238295687428884\
    404552660339007705603197276019185
B =-349957047943298806003259295683444442641619020048038208075549\
    077543631372102985428893601216098962054161473322702391848230\
    6359927802662630007536822732090063
T = 2

-----------------------------------------------------------------
2) EC Test
-----------------------------------------------------------------
N = R of preceding test
S = 64
R = 175770543466832053748414896533904091405976492111114801045702\
    540202032974102387540866971679253225482626953496509549368310\
    7122102913192299055440554083319
A = 433509904963764070932964377059102506155227411929584706776573\
    934564366908650053229452626321719175564098150247948127503953\
    9057403092316319586546510994928
B =-461753039817902064852647895766729629892458886117372657094572\
    853067101410565483472943598135867975873300557520568126678061\
    59985478108649468526476148437765
T = 2

-----------------------------------------------------------------
3) EC Test
-----------------------------------------------------------------
N = R of preceding test
S = 110
R = 159791403151665503407649905939912810369069538282831637314275\
    036547302703729668283053193207361978410543391478568466385125\
    39064341734593117146635262443
A =-628647403415111400443524868666861537412533934320203678359918\
    601880221929756886320776967194522278703630942088737010666251\
    079279052044310897497142362703
B =-243594121410189418066210257818519713135135099130469822025543\
    163835898801230178245762233759157982767730850010344802961718\
    881035912628881536539648653979
T = 1

-----------------------------------------------------------------
4) EC Test
-----------------------------------------------------------------
N = R of preceding test
S = 7134811
R = 223960246671797617915386834969998238732700191053178055192036\
    672796662313447605654435685393917293791068645015519680924285\
    5266919187346865093429
A = 335787400361917719673243684770175637832489805165197330253069\
    588034978421300611258349317752219548054520988437974949387117\
    4011657936543166160127944609
B =-223858266907945146448829123180117091888326536776798220168713\
    058689985614200407505566211834813032036347325625316632924744\
    9341105291028777440085296406
T = 0

-----------------------------------------------------------------
5) N-1 Test
-----------------------------------------------------------------
N = R of preceding test
S = 76
R = 294684535094470549888666888118418735174605514543655335778995\
    622100871465062639018994322886733281304037690809894317005638\
    85091041938774540703
B = 2

-----------------------------------------------------------------
6) EC Test
-----------------------------------------------------------------
N = R of preceding test
S = 2702356791633
R = 109047234623817536598478859948431441904019257913901105414579\
    662872297029829541787331548041764808006763996412211498853538\
    67469121
A = 937171270776301799553113209171499808439698083703195454135954\
    007252665706069707397615811547396046407203832476093010656928\
    2365602143638006793
B =-624780847184201199702075472780999872293132055802130302757302\
    671501777137379804931743874364930697604802554984062007104618\
    8243734762425337862
T = 1

-----------------------------------------------------------------
7) EC Test
-----------------------------------------------------------------
N = R of preceding test
S = 1024
R = 106491440062321813084452011668390079984393806556544048256425\
    452056514159321555704632915496674695592123406283871700474991\
    56181
A =-315
B = 2646
T = 5

-----------------------------------------------------------------
8) EC Test
-----------------------------------------------------------------
N = R of preceding test
S = 15056
R = 707302338352296845672502734248074388844273422931349948568181\
    800063666209235629207511863626868213848466550787748404217817
A =-213238102235768473525387854619107725817846446929109443312135\
    422813502084515461150722048047235572901715052149006730738177\
    33
B = 142158734823845649016925236412738483878564297952739628874756\
    948542334723010307433814698698157048601143368099337820492118\
    22
T = 3

-----------------------------------------------------------------
9) EC Test
-----------------------------------------------------------------
N = R of preceding test
S = 2610160
R = 270980452674279295396643398967141626890410328459308988172442\
    081362117548873040947818929609922395799031207705435601
A = 103603465173002788464446224614335449243080653642360380678669\
    391549435273985063674857373715851662568414020779164421263308
B = 263031782959430096840565633953462713682909276263986946717959\
    858605324780563826178707772549931528212415527412635116478
T = 2

-----------------------------------------------------------------
10) EC Test
-----------------------------------------------------------------
N = R of preceding test
S = 176228
R = 153766968174341929430421612324455606878821940020489926783534\
    6045128472619205466061296079450635598236300309293
A = 2
B = 0
T = 1

-----------------------------------------------------------------
11) EC Test
-----------------------------------------------------------------
N = R of preceding test
S = 204159
R = 753172616315430274591968085288699527715270646998123652294437\
    5637209665639723208243288641407284258214481
A = 690674773483173693632870636986728005562437365208272352474927\
    139275304201380086187205638840445827992013567113
B = 564663272173497067114230324171885375483854689997751276906945\
    937235445611883586582726960406793180162857828120
T = 1

-----------------------------------------------------------------
12) EC Test
-----------------------------------------------------------------
N = R of preceding test
S = 192
R = 392277404330953268016650044421197670685036795311522492384066\
    34574791956119495025467415659801228109699
A =-270
B = 1512
T = 0

-----------------------------------------------------------------
13) EC Test
-----------------------------------------------------------------
N = R of preceding test
S = 542900577
R = 722558459043511512084191511959283975277552146185187112529628\
    15657790436776054743087114814577
A =-852679993252578398594524903343216411202125642696087645462935\
    1212270561391910364656763784392085573821
B = 739138018934791960992483545841847961482038889241016544304931\
    0716750277778558098717962697005685654019
T = 0

-----------------------------------------------------------------
14) EC Test
-----------------------------------------------------------------
N = R of preceding test
S = 1528
R = 472878572672455178065570361229897889579549833782334201750257\
    90539411584970275035572803371
A = 404041664855159392423246047446895106098126793200442319144420\
    0029537593179474373918255377264
B = 189997461915407215811008862885648600312612152072471722570806\
    72410401557230568133210531672948
T = 0

-----------------------------------------------------------------
15) EC Test
-----------------------------------------------------------------
N = R of preceding test
S = 8388
R = 563756047535115853678553124976034679994694598903469505221635\
    1944702819893738743497823
A =-973666119936434091072150060677328129520601600844391116053318\
    2802017130614739670883988820
B = 649110746624289394048100040451552086347067733896260744035545\
    5201344753743159780589325880
T = 0

-----------------------------------------------------------------
16) EC Test
-----------------------------------------------------------------
N = R of preceding test
S = 972495291847
R = 579700541752144581658942618274241373490015106118527942211090\
    6467380371117
A =-129039509161858333641364764019111666282971051296980435170770\
    0725152687364167278150368
B = 273945021952944173653760884338086004186878900499143458521058\
    4465002731540691099932853
T = 0

-----------------------------------------------------------------
17) EC Test
-----------------------------------------------------------------
N = R of preceding test
S = 96417
R = 601243081357172056441231959378783174831213721432166283726915\
    62783029
A = 0
B = 16
T = 3

-----------------------------------------------------------------
18) EC Test
-----------------------------------------------------------------
N = R of preceding test
S = 301067270767104
R = 199703900003887985351382456229438173774173776264009699
A =-993450854144249840893344759187339368997258319844374034861243\
    1575543
B =-257941562826114492723799098760527952162755180964633654747930\
    02611845
T = 2

-----------------------------------------------------------------
19) EC Test
-----------------------------------------------------------------
N = R of preceding test
S = 436
R = 458036467898825654475647834024657993678534046063547
A = 0
B =-49925975000971996337845614057359543443543444066002425
T = 5

-----------------------------------------------------------------
20) N+1 Test
-----------------------------------------------------------------
N = R of preceding test
S = 4
R = 114509116974706413618911958506164498419633511515887
Q = 5

-----------------------------------------------------------------
21) EC Test
-----------------------------------------------------------------
N = R of preceding test
S = 17161
R = 6672636616438809720815334664863552599947444397
A =-29480
B =-1948226
T = 2

-----------------------------------------------------------------
22) N-1 Test
-----------------------------------------------------------------
N = R of preceding test
S = 166084
R = 40176275959386874839330306741549773608219
B = 2

-----------------------------------------------------------------
23) N-1 Test
-----------------------------------------------------------------
N = R of preceding test
S = 162
R = 248001703453005400242779671244134404989
B = 2

-----------------------------------------------------------------
24) EC Test
-----------------------------------------------------------------
N = R of preceding test
S = 31377
R = 7903932927080517583302569066722727
A =-80946313106117878032779769613467151123
B =-28703025746923214725740044005733367581
T = 0

-----------------------------------------------------------------
25) N-1 Test
-----------------------------------------------------------------
N = R of preceding test
S = 2
R = 3951966463540258791651284533361363
B = 2

-----------------------------------------------------------------
26) EC Test
-----------------------------------------------------------------
N = R of preceding test
S = 3326
R = 1188203987835315307995682735057
A =-1561539520278309145593852405977628
B =-1757158180035333557525165838689135
T = 2

-----------------------------------------------------------------
27) EC Test
-----------------------------------------------------------------
N = R of preceding test
S = 5019696
R = 236708356011063850837513
A = 309994434977871885686861836839
B = 154889204575742355706143278927
T = 0

-----------------------------------------------------------------
28) N-1 Test
-----------------------------------------------------------------
N = R of preceding test
S = 72
R = 3287616055709220150521
B = 2

-----------------------------------------------------------------
29) N-1 Test
-----------------------------------------------------------------
N = R of preceding test
S = 39570520
R = 83082457741501
B = 2

-----------------------------------------------------------------
30) SPP Test
-----------------------------------------------------------------
N = R of preceding test

Started 12/26/2001 10:13:20 AM
Running time 7s

Candidate certified prime

=================================================================
