== ID:B26DD0228AF78 =============================================

PRIMO 1.0.0 - Primality Certificate

Candidate 1/1
-------------
N = 1326015641149969955786344600146607663033642528339

Decimal size = 49
Binary size = 160

-----------------------------------------------------------------
1) EC Test
-----------------------------------------------------------------
N = Candidate
S = 105049
R = 12622829738026729962078143004638275496509813
A = 0
B = 3
T = 1

-----------------------------------------------------------------
2) N-1 Test
-----------------------------------------------------------------
N = R of preceding test
S = 2261527068
R = 5581551473177737778939616478929659
B = 2

-----------------------------------------------------------------
3) EC Test
-----------------------------------------------------------------
N = R of preceding test
S = 401526
R = 13900846951823138822377520729
A =-30
B =-56
T = 0

-----------------------------------------------------------------
4) N-1 Test
-----------------------------------------------------------------
N = R of preceding test
S = 2829064
R = 4913585182881383674027
B = 2

-----------------------------------------------------------------
5) N+1 Test
-----------------------------------------------------------------
N = R of preceding test
S = 237028
R = 20729977820685251
Q = 2

-----------------------------------------------------------------
6) N+1 Test
-----------------------------------------------------------------
N = R of preceding test
S = 626724
R = 33076725673
Q = 2

-----------------------------------------------------------------
7) SPP Test
-----------------------------------------------------------------
N = R of preceding test

Started 12/26/2001 10:03:46 AM
Running time < 1s

Candidate certified prime

=================================================================
