== ID:B26E900B6F8B1 =============================================

PRIMO 1.0.0 - Primality Certificate

Candidate 1/1
-------------
N = 127867122261483934781481018434109109187572166053396344214684\
    209103541323636088988285272447890338714853505616953234032581\
    55581862404406918778776909400585459

Decimal size = 155
Binary size = 512

-----------------------------------------------------------------
1) EC Test
-----------------------------------------------------------------
N = Candidate
S = 47287006
R = 270406466972097862955165777326035632680090099283080735148857\
    191558165732962853195235831977740777113945970327027036560318\
    772729486014341459118612181
A = 425454985615292867810972867142952222142772027506162761381902\
    582334870515622430480538026200292884282397232090476691738858\
    1791390856639309448704514052522007
B = 419107357048246154595760423176997322152540510289969841004905\
    235159865422269527501540484696208690110468387266143284160470\
    2643656703410566067221956222823088
T = 1

-----------------------------------------------------------------
2) EC Test
-----------------------------------------------------------------
N = R of preceding test
S = 1865531017972740
R = 144948791720411462500520156879964464979288771385315099090365\
    744408849653960811496765503301898603371614026612310093161458\
    248186901049
A =-129778427846655560601559470930599963032183337436762779032331\
    386161228974137240819726661089177895461028482581141264765534\
    271663189602541755394250582
B = 133139099620896387649891949367986830172679005521835489161519\
    176845515729453147138251144936106576743521523277700060991737\
    167596009135829451324851834
T = 1

-----------------------------------------------------------------
3) EC Test
-----------------------------------------------------------------
N = R of preceding test
S = 92027219929
R = 157506433240340227707803972077506291241133045382137547251436\
    480377490262361576412603803811678873809921288788103776493214\
    7
A =-29480
B = 1948226
T = 0

-----------------------------------------------------------------
4) EC Test
-----------------------------------------------------------------
N = R of preceding test
S = 135748
R = 116028547927291914214429657952607987772293547884416379800392\
    26861839095638377558642754998620597575055935064627094053
A = 0
B = 3
T = 1

-----------------------------------------------------------------
5) N-1 Test
-----------------------------------------------------------------
N = R of preceding test
S = 230916
R = 502470802920940576722399738227788406919804378581026779436644\
    79125912001066957502480360817875753845796458732297
B = 2

-----------------------------------------------------------------
6) EC Test
-----------------------------------------------------------------
N = R of preceding test
S = 804620
R = 624482119411573881735974420506311559394253658349316173247405\
    05470047564101003790931572705365734017907499
A =-264
B = 1694
T = 1

-----------------------------------------------------------------
7) EC Test
-----------------------------------------------------------------
N = R of preceding test
S = 1031
R = 605705256461274376077569758008061648297045255430956376533146\
    78280232639332787249315039321895844663357
A =-8697680
B =-9873093538
T = 1

-----------------------------------------------------------------
8) EC Test
-----------------------------------------------------------------
N = R of preceding test
S = 110219770
R = 549543204872659756119587037795543982986940777893983431849829\
    504956450734029176158411341706533
A = 302852628230637188038784879004030824148522627715478188266573\
    39140116319666393624657519660947922331679
B = 0
T = 2

-----------------------------------------------------------------
9) EC Test
-----------------------------------------------------------------
N = R of preceding test
S = 359953888256
R = 152670445521572867573626679872689604762056463648161672170102\
    0795054657709959843999
A =-140
B = 784
T = 0

-----------------------------------------------------------------
10) EC Test
-----------------------------------------------------------------
N = R of preceding test
S = 198499
R = 769124507033148114467209808979841736039225522253907288857393\
    6029798619196877
A =-3440
B =-77658
T = 0

-----------------------------------------------------------------
11) EC Test
-----------------------------------------------------------------
N = R of preceding test
S = 532024
R = 144565753994772437797394442540156409493015672672267488608678\
    27191141299
A = 210019634578405104157279592955616513280257133173211306879865\
    4688382069569470
B = 208247818485004328048685474220458267252109601440131420215930\
    770413262305138
T = 2

-----------------------------------------------------------------
12) EC Test
-----------------------------------------------------------------
N = R of preceding test
S = 439
R = 329306956707909881087458866834069267367007007974669566940044\
    59607003
A = 0
B = 23
T = 1

-----------------------------------------------------------------
13) EC Test
-----------------------------------------------------------------
N = R of preceding test
S = 2817
R = 116899878135573262721852632883943640792628578672463054962657\
    10161
A = 0
B = 16
T = 1

-----------------------------------------------------------------
14) EC Test
-----------------------------------------------------------------
N = R of preceding test
S = 55459
R = 210786126932640802614278354972037680649036029044968923897329
A = 0
B = 7
T = 1

-----------------------------------------------------------------
15) N+1 Test
-----------------------------------------------------------------
N = R of preceding test
S = 6170
R = 34163067574171929110904109395792168662728691903560603549
Q = 28

-----------------------------------------------------------------
16) N-1 Test
-----------------------------------------------------------------
N = R of preceding test
S = 624252
R = 54726404679795866270198748895946138198561945982649
B = 2

-----------------------------------------------------------------
17) N+1 Test
-----------------------------------------------------------------
N = R of preceding test
S = 2450
R = 22337308032569741334774999549365770693290590197
Q = 14

-----------------------------------------------------------------
18) N-1 Test
-----------------------------------------------------------------
N = R of preceding test
S = 36
R = 620480778682492814854861098593493630369183061
B = 2

-----------------------------------------------------------------
19) N+1 Test
-----------------------------------------------------------------
N = R of preceding test
S = 15845374
R = 39158481124048748540416975869013481813
Q = 2

-----------------------------------------------------------------
20) N+1 Test
-----------------------------------------------------------------
N = R of preceding test
S = 148368042
R = 263928003606388150221844781567
Q = 3

-----------------------------------------------------------------
21) N-1 Test
-----------------------------------------------------------------
N = R of preceding test
S = 35942
R = 7343164086761675761555973
B = 2

-----------------------------------------------------------------
22) EC Test
-----------------------------------------------------------------
N = R of preceding test
S = 4232
R = 1735152194415106102469
A =-1
B = 0
T = 2

-----------------------------------------------------------------
23) N-1 Test
-----------------------------------------------------------------
N = R of preceding test
S = 1685362868
R = 1029542199701
B = 2

-----------------------------------------------------------------
24) SPP Test
-----------------------------------------------------------------
N = R of preceding test

Started 01/07/2002 03:19:52 AM
Running time 5s

Candidate certified prime

=================================================================
