== ID:B26DD02306259 =============================================

PRIMO 1.0.0 - Primality Certificate

Candidate 1/1
-------------
N = 130686468172910310896790724912899376451128422630819897246343\
    733208645255676982821260532012112647067264812706708831015816\
    07677169505554578044807917973781159

Decimal size = 155
Binary size = 512

-----------------------------------------------------------------
1) EC Test
-----------------------------------------------------------------
N = Candidate
S = 22884
R = 571082276581499348439043545328174167327077532908669363950112\
    450658299491684076994380787860870390307030827163407769674536\
    796778258683113759162841729729
A = 382007169407454599481948787937169172135327584266388744226662\
    837750379126036683397569402921735693346102643122224755112752\
    8596291777437154390672486565357446
B = 254671446271636399654632525291446114756885056177592496151108\
    558500252750691122265046268614490462230735095414816503408501\
    9064194518291436260448324376904964
T = 0

-----------------------------------------------------------------
2) EC Test
-----------------------------------------------------------------
N = R of preceding test
S = 2020624
R = 282626691844449708822147784708176368946957738257424124404200\
    113756096874868232985614770496309407910595381450406547525679\
    111410772736664558940333
A =-320593607138338986399588431987516964072554125293918518810061\
    147930198861829281721380476301646076796693867613201724552545\
    80564628663214465450571059228
B = 105697876553173945864073514377990959573561670616972843051274\
    377996133494677897980551717032647742917914774976372136375113\
    370959952278675395711279422819
T = 1

-----------------------------------------------------------------
3) EC Test
-----------------------------------------------------------------
N = R of preceding test
S = 1616
R = 174892754854238681201824124200604188704800580604841661141212\
    941680753016144054312613965929634671232627891338035283436858\
    030446998023436943577
A = 105176461775262306470235898109146498071622593200410469389177\
    260321662640306190552843410329156263974332803669998759574490\
    392025184598442217568649
B = 118300153379458268234607924399353247250223430038009103343348\
    568956289489708028288514240111435429290841718520271858634125\
    812923725425481560914456
T = 7

-----------------------------------------------------------------
4) EC Test
-----------------------------------------------------------------
N = R of preceding test
S = 34730900
R = 503565282944693863970769902883611391310909249702258395668447\
    813563002949788137280431652804969918708614420312657725909557\
    7506281720117
A = 19
B = 0
T = 2

-----------------------------------------------------------------
5) EC Test
-----------------------------------------------------------------
N = R of preceding test
S = 730
R = 689815456088621731466808086141933412754670205071586843381435\
    361044606496958360172430098061550169968402388092280745482177\
    9159837937
A = 251782641472346931985384951441805695655454624851129197834223\
    906781501474894068640215826402484959354307210156328862954778\
    8753140860059
B = 0
T = 1

-----------------------------------------------------------------
6) EC Test
-----------------------------------------------------------------
N = R of preceding test
S = 66822740
R = 103230645149932752153953592166668623997559843411327767071723\
    691823677536395841946493232497941796739158948793073798927111\
    169
A = 2
B = 0
T = 1

-----------------------------------------------------------------
7) EC Test
-----------------------------------------------------------------
N = R of preceding test
S = 2464551
R = 418861874434461904638831138680711512959398460049427936657523\
    83403595047669739980194567323925324837351019803273657621
A =-416240
B = 103362798
T = 3

-----------------------------------------------------------------
8) EC Test
-----------------------------------------------------------------
N = R of preceding test
S = 1838156
R = 227870689122393259679173660277316785386767205857080648572612\
    77908922422966456680521852188130646704139297737949
A =-152
B = 722
T = 1

-----------------------------------------------------------------
9) EC Test
-----------------------------------------------------------------
N = R of preceding test
S = 8526
R = 267265645229173422096145508183575868387012908582079109170666\
    2753448676663765533421755420924543068486018183
A = 448463373551103246114645121113741509325281553430451875982583\
    3586562010678449151887564188857561729423045802981
B = 394602666476187165384523310600429193940669485266624883224829\
    1240312648562701781615240758553802492283463175106
T = 0

-----------------------------------------------------------------
10) EC Test
-----------------------------------------------------------------
N = R of preceding test
S = 109
R = 245197839659792130363436246039977860905516429891815703189772\
    50683492437143373393548726349869117555851553
A = 0
B =-668164113072933555240363770458939670967532271455197772926665\
    688362169165941383355438855231135767121504546
T = 4

-----------------------------------------------------------------
11) EC Test
-----------------------------------------------------------------
N = R of preceding test
S = 1738324
R = 141054164620515007768077899194843919145979938085084026640175\
    78590794242187476867941844022055335133
A = 0
B = 15
T = 1

-----------------------------------------------------------------
12) N-1 Test
-----------------------------------------------------------------
N = R of preceding test
S = 122382198444
R = 115257093281470164147852917610106140565565486880676276863382\
    627459039063799651021260453
B = 2

-----------------------------------------------------------------
13) N+1 Test
-----------------------------------------------------------------
N = R of preceding test
S = 38
R = 303308140214395168810139256868700369909382860212305991745743\
    7564711554310517132138433
Q = 2

-----------------------------------------------------------------
14) EC Test
-----------------------------------------------------------------
N = R of preceding test
S = 430768465
R = 704109434320813546112618194715577357570458449396087720708953\
    3910495160213863
A = 300072139551909339044548979169088357231102901220497910268245\
    268356684542037275423004
B =-100024046517303113014849659723029452410367633740165970089415\
    0894522281806790918076680
T = 1

-----------------------------------------------------------------
15) EC Test
-----------------------------------------------------------------
N = R of preceding test
S = 152491
R = 461738354605067542420613803251062264381973012131323569410796\
    10732720111
A = 0
B = 19
T = 4

-----------------------------------------------------------------
16) EC Test
-----------------------------------------------------------------
N = R of preceding test
S = 16452
R = 280657886339087978616954657944968552319514044559206493272804\
    8299337
A = 0
B = 16
T = 4

-----------------------------------------------------------------
17) EC Test
-----------------------------------------------------------------
N = R of preceding test
S = 372772
R = 752894225797774453598861121395835036303288091114663969982509\
    9
A =-30
B = 56
T = 1

-----------------------------------------------------------------
18) EC Test
-----------------------------------------------------------------
N = R of preceding test
S = 42301
R = 177984970993067410604681005507030665674928663971977969153
A = 0
B = 12
T = 2

-----------------------------------------------------------------
19) N-1 Test
-----------------------------------------------------------------
N = R of preceding test
S = 13112832
R = 13573343347422388283833805352423539451655345235261
B = 2

-----------------------------------------------------------------
20) N+1 Test
-----------------------------------------------------------------
N = R of preceding test
S = 1614
R = 8409754242516969196923051643385092597060313033
Q = 2

-----------------------------------------------------------------
21) N-1 Test
-----------------------------------------------------------------
N = R of preceding test
S = 11458274696
R = 733945944362178101243441479750774217
B = 2

-----------------------------------------------------------------
22) N-1 Test
-----------------------------------------------------------------
N = R of preceding test
S = 8
R = 91743243045272262655430184968846777
B = 2

-----------------------------------------------------------------
23) EC Test
-----------------------------------------------------------------
N = R of preceding test
S = 6159530
R = 14894520043781305108058418461
A = 20056111097398662197005019333041315
B = 0
T = 1

-----------------------------------------------------------------
24) N-1 Test
-----------------------------------------------------------------
N = R of preceding test
S = 12237220
R = 1217148996567954576943
B = 2

-----------------------------------------------------------------
25) N+1 Test
-----------------------------------------------------------------
N = R of preceding test
S = 8076355856
R = 150705221299
Q = 3

-----------------------------------------------------------------
26) SPP Test
-----------------------------------------------------------------
N = R of preceding test

Started 12/26/2001 10:12:06 AM
Running time 10s

Candidate certified prime

=================================================================
