== ID:B26DD02335DF2 =============================================

PRIMO 1.0.0 - Primality Certificate

Candidate 1/1
-------------
N = 103495999428220946479849452966821792819730789771317883136875\
    471034288851202576172128892903438582255936674510561687143042\
    14188356471107143123582941466977031

Decimal size = 155
Binary size = 512

-----------------------------------------------------------------
1) EC Test
-----------------------------------------------------------------
N = Candidate
S = 35524
R = 291341063585803812858488495008506341683737162963962062653066\
    859121407643290671128820551219354179245136944756569444722007\
    004561624213728527938402376951
A = 315832272173929612730979788599230763581506660853521382710506\
    582722603712312857176881406674078358658866383179566698561364\
    1900918927465416064754135591084977
B =-210554848115953075153986525732820509054337773902347588473671\
    055148402474875238117920937782718905772577588786377799040909\
    4600612618310277376502757060723318
T = 1

-----------------------------------------------------------------
2) EC Test
-----------------------------------------------------------------
N = R of preceding test
S = 14184
R = 205401201061621413464811403700300579303255191034942232552923\
    617541883561260349005368921598455438184294745175697136162091\
    75435500949651078464921721
A = 705015434653553269096406104978160248688013737693106916631665\
    507158460429409007620206079761181918668447400896645600254912\
    10343588239118926798126206549
B =-492263886488588881981825293872899117669460846253971572513264\
    589705815614720259994622615205259454669655687982989003065666\
    2406348715284170892314721572
T = 0

-----------------------------------------------------------------
3) EC Test
-----------------------------------------------------------------
N = R of preceding test
S = 3690288
R = 556599379402424454310371991834514214888526833230745764430645\
    027005706766916905742256620058203886868302534869460398605009\
    6620079014562282313
A =-985116493795969775480974329085918908179096084830597467445292\
    784012058069678345712619924217129687533896593021069456631241\
    086352185616100152579964
B =-392863029529824742054128350589355824343285330142182158193497\
    967422077123707007934963597332295798716211214307771792644565\
    8006414590126813851421862
T = 0

-----------------------------------------------------------------
4) EC Test
-----------------------------------------------------------------
N = R of preceding test
S = 116409235412
R = 478140224383818629036638923195021298202878048837695912372706\
    399135907632281176331917123670988716916579185507501603340498\
    29944321
A =-265320
B = 52602102
T = 0

-----------------------------------------------------------------
5) EC Test
-----------------------------------------------------------------
N = R of preceding test
S = 758304
R = 630538971683940252242687527950559799503732076894881093034859\
    896908748419906992396562407453524434831996693087119081945846\
    17
A =-270
B = 1512
T = 1

-----------------------------------------------------------------
6) EC Test
-----------------------------------------------------------------
N = R of preceding test
S = 38530
R = 163648837706706527963324040475099870102188444561349881400171\
    2275786767185334858402390800484707069482856906238648993507
A =-112633433101537166668019104505129414445433279141402488013145\
    167097395123268700322675202778774327087118268050064933014430\
    22
B = 298901052719269041323662146551869101250789417043605216152995\
    873419244956917340498368093649530240021769523010105567926758\
    09
T = 1

-----------------------------------------------------------------
7) EC Test
-----------------------------------------------------------------
N = R of preceding test
S = 1292460
R = 126618106329562638660634789838834370194968079910674126394761\
    4041283980996336944381117585048485194870330928093727
A =-615077037373199706728090562658436051632338532115389948563317\
    635420362843079260917613846170859901549400661618152336990
B =-135444767440221955392353093144708865919069127127572972291692\
    334982013833058778855721036047662422128018527667448106509
T = 1

-----------------------------------------------------------------
8) EC Test
-----------------------------------------------------------------
N = R of preceding test
S = 247519197
R = 511548630830289250900546472921994693587213277484388923539599\
    8543854499862549564775747767355700291309099
A =-29480
B =-1948226
T = 1

-----------------------------------------------------------------
9) EC Test
-----------------------------------------------------------------
N = R of preceding test
S = 71167711459
R = 718793144170435268261260491577155034883827677649517625566381\
    90049702369920882770218681875677
A = 0
B = 34
T = 5

-----------------------------------------------------------------
10) EC Test
-----------------------------------------------------------------
N = R of preceding test
S = 36513
R = 196859514192324724964056771992757383639752328709951679473669\
    8913089202961895422031329863
A = 0
B = 16
T = 5

-----------------------------------------------------------------
11) EC Test
-----------------------------------------------------------------
N = R of preceding test
S = 121455
R = 162084322746963669642301076112763890856491979636192961313443\
    26809264052302360527653
A =-219041089274763372537635223447765744397065975309237876874880\
    874331824732627616141146545
B = 510170987791240168188432424344014115867797112160347013662312\
    388141851165546729916345591
T = 0

-----------------------------------------------------------------
12) EC Test
-----------------------------------------------------------------
N = R of preceding test
S = 29184098
R = 555385754073892123177153106163376681562989057062748401540522\
    270694516998509
A =-107130366276091086731909856904538797668428176802854838041735\
    0233448400177200350609
B =-665636974148339698807484253630404479761539704653840787826349\
    58132268583159347876
T = 2

-----------------------------------------------------------------
13) N-1 Test
-----------------------------------------------------------------
N = R of preceding test
S = 540268
R = 102798195353767412317063588101345384431983581678490749320804\
    1695407681
B = 2

-----------------------------------------------------------------
14) EC Test
-----------------------------------------------------------------
N = R of preceding test
S = 17502507
R = 587334119356543678668796350724758405762247329856163235974825\
    81
A =-264
B = 1694
T = 1

-----------------------------------------------------------------
15) N-1 Test
-----------------------------------------------------------------
N = R of preceding test
S = 20
R = 293667059678271839334398175362379202881123664928081617987412\
    9
B = 2

-----------------------------------------------------------------
16) N-1 Test
-----------------------------------------------------------------
N = R of preceding test
S = 272
R = 10796583076407052916705815270675705988276605328238294778949
B = 2

-----------------------------------------------------------------
17) EC Test
-----------------------------------------------------------------
N = R of preceding test
S = 43631265652
R = 247450604860282151979821171354346749747670559157
A = 1
B = 0
T = 3

-----------------------------------------------------------------
18) N+1 Test
-----------------------------------------------------------------
N = R of preceding test
S = 1578
R = 156812804093968410633600235332285646227928111
Q = 3

-----------------------------------------------------------------
19) N-1 Test
-----------------------------------------------------------------
N = R of preceding test
S = 3121278222270
R = 50239931504703789628187208789193
B = 2

-----------------------------------------------------------------
20) N-1 Test
-----------------------------------------------------------------
N = R of preceding test
S = 72
R = 697776826454219300391489010961
B = 2

-----------------------------------------------------------------
21) N-1 Test
-----------------------------------------------------------------
N = R of preceding test
S = 6656888820560
R = 104820261425895341
B = 2

-----------------------------------------------------------------
22) N-1 Test
-----------------------------------------------------------------
N = R of preceding test
S = 4420
R = 23714991272827
B = 2

-----------------------------------------------------------------
23) SPP Test
-----------------------------------------------------------------
N = R of preceding test

Started 12/26/2001 10:15:22 AM
Running time 6s

Candidate certified prime

=================================================================
