== ID:B26F102965B00 =============================================

PRIMO 1.0.0 - Primality Certificate

Candidate 1/1
-------------
N = 971016308253642147146483462688051119590117463918889343917710\
    341622488819203492961006617999922363790454599965428775137618\
    4724721125868415952234851598899271

Decimal size = 154
Binary size = 512

-----------------------------------------------------------------
1) EC Test
-----------------------------------------------------------------
N = Candidate
S = 761
R = 127597412385498311057356565399218281155074568189078757413628\
    165784821132615437870274639993499627449775029245007049690895\
    29158218030880137696089602449879
A =-413930862594061989230037438795340164826258886137270451085797\
    789070901405613967191747900642044560860623265570395230602136\
    880091969145343688770420997449181
B =-351267493590818181664163650149039717518456413715447811378289\
    966478889700108762133118732709443758654193084359835940419348\
    6161635021386367776591897864599211
T = 1

-----------------------------------------------------------------
2) EC Test
-----------------------------------------------------------------
N = R of preceding test
S = 534124
R = 238890992326685022686410955881440042303050542924636895952303\
    520876839708785539116289989358173744305323995832297477821213\
    00740211235523208263466127
A =-3440
B =-77658
T = 1

-----------------------------------------------------------------
3) EC Test
-----------------------------------------------------------------
N = R of preceding test
S = 6503115
R = 367348558847083317281658029854062310605072404416401825820862\
    034389426772974791870616398620681245017665588240210437989317\
    0816279193939107421
A = 641164392436594373375024009229103550561886655349692053717671\
    688573370038613129103796978760188545051117954007479479924690\
    9351549157704055578544797
B = 116516368722017056899272369972353124831241251593111793720357\
    568013001803282817470606860988103259866808133621033019885829\
    27592441385212768456614220
T = 1

-----------------------------------------------------------------
4) EC Test
-----------------------------------------------------------------
N = R of preceding test
S = 168489
R = 218025247254766374826640332516699790849890737327897860288126\
    841746005467411508156137796068896144476794176222613253157905\
    50333764492971
A = 0
B = 16
T = 3

-----------------------------------------------------------------
5) N+1 Test
-----------------------------------------------------------------
N = R of preceding test
S = 9511276
R = 229228178484954463340818132621427231057000908529936320098509\
    223942198152394597902676566287106109082308384513931940528174\
    6669297
Q = 7

-----------------------------------------------------------------
6) EC Test
-----------------------------------------------------------------
N = R of preceding test
S = 1108052
R = 206874928690128679286548043432462764434341446547577478402195\
    225170858392474236576738088425450063454424524818436340771398\
    9
A =-35
B = 98
T = 0

-----------------------------------------------------------------
7) EC Test
-----------------------------------------------------------------
N = R of preceding test
S = 186484
R = 110934411901358121493826839531789732327889495370958086700304\
    32202262980354224711066974463397360988737479315206059387
A =-13760
B = 621264
T = 3

-----------------------------------------------------------------
8) EC Test
-----------------------------------------------------------------
N = R of preceding test
S = 111652
R = 993572993778509310122763940921700751691769922356590895821588\
    67688102390635771325089657671403517030784193547629
A =-3440
B = 77658
T = 1

-----------------------------------------------------------------
9) EC Test
-----------------------------------------------------------------
N = R of preceding test
S = 104668
R = 949261468432098931978029522797512851771095198491029632748921\
    553754642764578156142558676273496885107690141
A = 428100296523023863280975864756435350282495174714292753595285\
    95952453198212394740747576338767160191618711693079
B = 457908002441538611869374038029433503755931909760017962103389\
    1927731998070327281198168331289732215848923387157
T = 3

-----------------------------------------------------------------
10) N-1 Test
-----------------------------------------------------------------
N = R of preceding test
S = 18237340
R = 520504343523835675585381159093109440176634968965336848876492\
    70878025126722326619044152067872665921
B = 2

-----------------------------------------------------------------
11) EC Test
-----------------------------------------------------------------
N = R of preceding test
S = 553
R = 941237510893012071582967737962223219125922186194068338598066\
    63240425308830445285249127918342031
A = 0
B = 130126085880958918896345289773277360044158742241334212219123\
    17719506281680581654761038016968168195
T = 11

-----------------------------------------------------------------
12) EC Test
-----------------------------------------------------------------
N = R of preceding test
S = 38427394239
R = 244939197552393287476316548366058263846132704255309851191494\
    5104145338759334566029617
A = 113120643988880179927900248290142611602264539107141332973830\
    74750156628112317231246542105051219
B =-754137626592534532852668321934284077348430260714275553158871\
    6500104418741544820831028070034146
T = 1

-----------------------------------------------------------------
13) EC Test
-----------------------------------------------------------------
N = R of preceding test
S = 3486754
R = 702484882938094535709478065748424648960415417787616372437834\
    954940330537231101
A = 991137919202052017989486891348160994833279515260949556267335\
    073357474770917071737789
B = 778093650362082393304302297831268845966064358379042819598875\
    936254242460421347342206
T = 0

-----------------------------------------------------------------
14) EC Test
-----------------------------------------------------------------
N = R of preceding test
S = 71066448
R = 988490212621987995952011089323649113516458471732472896853245\
    8595531029
A =-724073630288813053270637723821408572646678466905311619052196\
    7215541258984966
B =-224507312575514004526217518931856102018182759703801302558582\
    362026055167097079
T = 1

-----------------------------------------------------------------
15) EC Test
-----------------------------------------------------------------
N = R of preceding test
S = 7961796
R = 124154174839695465188006712219661128452151056930246231307396\
    0953
A = 166052630200796462802584045048085827298306301016687737629903\
    1807963551
B = 119061133896494094047278275378313453182958708860075484180613\
    8677554775
T = 1

-----------------------------------------------------------------
16) EC Test
-----------------------------------------------------------------
N = R of preceding test
S = 191434127
R = 6485477630626197866381823979570023083704357359142081567
A =-284778586157338219602552294114255587217507566199489048752117\
    802
B = 189852390771558813068368196076170391478338377466326032501411\
    868
T = 0

-----------------------------------------------------------------
17) EC Test
-----------------------------------------------------------------
N = R of preceding test
S = 559
R = 11601927782873341442543513375477286868237893268270933
A = 0
B =-1621369407656549466595455994892505770926089339785520392
T = 2

-----------------------------------------------------------------
18) N+1 Test
-----------------------------------------------------------------
N = R of preceding test
S = 9202
R = 1260805018786496570587210755865821220195380707267
Q = 14

-----------------------------------------------------------------
19) EC Test
-----------------------------------------------------------------
N = R of preceding test
S = 1557914166
R = 809290425815729164238956427883773469793
A =-30
B = 56
T = 1

-----------------------------------------------------------------
20) N+1 Test
-----------------------------------------------------------------
N = R of preceding test
S = 6384986
R = 126748974205382621706446408478229
Q = 10

-----------------------------------------------------------------
21) N+1 Test
-----------------------------------------------------------------
N = R of preceding test
S = 10
R = 12674897420538262170644640847823
Q = 2

-----------------------------------------------------------------
22) EC Test
-----------------------------------------------------------------
N = R of preceding test
S = 67087
R = 188932243512726213235001221
A =-5824526772805632625508022433711
B =-341947958308998973209531993467
T = 0

-----------------------------------------------------------------
23) N+1 Test
-----------------------------------------------------------------
N = R of preceding test
S = 774334
R = 243993216767862722333
Q = 8

-----------------------------------------------------------------
24) N-1 Test
-----------------------------------------------------------------
N = R of preceding test
S = 4
R = 60998304191965680583
B = 2

-----------------------------------------------------------------
25) N+1 Test
-----------------------------------------------------------------
N = R of preceding test
S = 88
R = 693162547635973643
Q = 3

-----------------------------------------------------------------
26) N-1 Test
-----------------------------------------------------------------
N = R of preceding test
S = 2
R = 346581273817986821
B = 2

-----------------------------------------------------------------
27) N-1 Test
-----------------------------------------------------------------
N = R of preceding test
S = 290893660
R = 1191436327
B = 2

-----------------------------------------------------------------
28) SPP Test
-----------------------------------------------------------------
N = R of preceding test

Started 01/15/2002 12:03:29 PM
Running time 6s

Candidate certified prime

=================================================================
