== ID:B26E900ADFBBA =============================================

PRIMO 1.0.0 - Primality Certificate

Candidate 1/1
-------------
N = 787246258810133886881921973606669856336788296450923176368066\
    394726875131983016805272388466129995254029789988060164475203\
    9415559570341057405186362926878799

Decimal size = 154
Binary size = 512

-----------------------------------------------------------------
1) EC Test
-----------------------------------------------------------------
N = Candidate
S = 5349953
R = 147150126143189274164076202838916501946239209288553222125141\
    360069308110180220156548988655310290034462908524029720839022\
    5776492624840369401884897473
A =-348574095049164660177251146084161603642533167947711193844645\
    240922762784759176595143596191154913751381417986260333173957\
    6297337162862684838376983986264366
B =-232382730032776440118167430722774402428355445298474129229763\
    493948508523172784396762397460769942500920945324173555449305\
    0864891441908456558917989324176244
T = 0

-----------------------------------------------------------------
2) EC Test
-----------------------------------------------------------------
N = R of preceding test
S = 5827747
R = 252499166733197707731780742779184652227077135106505519414520\
    500065133421517001179954486460596797186453201523285693232824\
    515611529205758928573
A = 0
B =-367875315357973185410190507097291254865598023221383055312853\
    400173270275450550391372471638275725086157271310074302097556\
    444123156210092350471224337
T = 1

-----------------------------------------------------------------
3) EC Test
-----------------------------------------------------------------
N = R of preceding test
S = 2964
R = 851886527439938285194941777257708003465172520602245342154252\
    699275079031547107335606707774732345550174046116586749098908\
    58203040212267471
A = 0
B = 3
T = 1

-----------------------------------------------------------------
4) EC Test
-----------------------------------------------------------------
N = R of preceding test
S = 1492856
R = 570642129877187274053855011640578865922213877696338657013303\
    827880975511853485244546120354126923781494659125931724718823\
    37613813983
A =-35
B =-98
T = 1

-----------------------------------------------------------------
5) EC Test
-----------------------------------------------------------------
N = R of preceding test
S = 53500285222943
R = 106661511709562581497903039386029277215674900174254722205389\
    5179475986662891306101943975756659835375067629864644934427
A =-3440
B =-77658
T = 0

-----------------------------------------------------------------
6) EC Test
-----------------------------------------------------------------
N = R of preceding test
S = 277739
R = 384035053447886618364374608485049910943997422667521385924888\
    9767042007523672812469073598015933681619962636951499
A =-152
B =-722
T = 0

-----------------------------------------------------------------
7) EC Test
-----------------------------------------------------------------
N = R of preceding test
S = 238866
R = 160774264000689348155189356578604703450469059082297767755445\
    04163005412425102598340799704472591984404381827
A =-30
B =-56
T = 3

-----------------------------------------------------------------
8) N-1 Test
-----------------------------------------------------------------
N = R of preceding test
S = 54
R = 297730118519795089176276586256675376760127887189440310658231\
    558574174304168566635940735268010962674155219
B = 2

-----------------------------------------------------------------
9) EC Test
-----------------------------------------------------------------
N = R of preceding test
S = 1305230454
R = 228105402848495817564088637374588393384305670812550872463985\
    933249015222031815782599740181245299
A =-30
B =-56
T = 0

-----------------------------------------------------------------
10) EC Test
-----------------------------------------------------------------
N = R of preceding test
S = 8262
R = 276089812210718733435110914275706116417702336980724236805423\
    25055606464666280914805052075619
A =-30
B = 56
T = 2

-----------------------------------------------------------------
11) EC Test
-----------------------------------------------------------------
N = R of preceding test
S = 70516361
R = 391525893133820012968495232298935727011923285258067743274242\
    121510772849224625679279
A =-3440
B =-77658
T = 0

-----------------------------------------------------------------
12) EC Test
-----------------------------------------------------------------
N = R of preceding test
S = 24679423
R = 158644670555636577471237975174271994532417711085474064005735\
    39755036202997749
A = 0
B = 12
T = 1

-----------------------------------------------------------------
13) EC Test
-----------------------------------------------------------------
N = R of preceding test
S = 4288007
R = 369972974754091067181648666091897691701375590877231163418363\
    9483383987
A =-151402396642779150688114817477673911566777436924105831828064\
    3731154447299603
B = 730685430709160792488279673884471863863762286183721322456537\
    1559884664065387
T = 0

-----------------------------------------------------------------
14) EC Test
-----------------------------------------------------------------
N = R of preceding test
S = 18872
R = 196043331260116080532878691231399798815251944266330493674523\
    090919
A =-35
B =-98
T = 0

-----------------------------------------------------------------
15) EC Test
-----------------------------------------------------------------
N = R of preceding test
S = 14144175
R = 13860358151685487526340609560571799070519329527799673610803
A =-264
B =-1694
T = 0

-----------------------------------------------------------------
16) EC Test
-----------------------------------------------------------------
N = R of preceding test
S = 2434
R = 5694477465770537192416026935311594494177474631202134447
A =-4751665628189132416533377777374431722197353622436212134404
B =-489628399845922958287984278355379006488249191434963597869
T = 1

-----------------------------------------------------------------
17) N-1 Test
-----------------------------------------------------------------
N = R of preceding test
S = 4613754
R = 1234239507735032512009965623505630012821982843299
B = 2

-----------------------------------------------------------------
18) N-1 Test
-----------------------------------------------------------------
N = R of preceding test
S = 72892754
R = 16932266103363751519252045594348513884137
B = 2

-----------------------------------------------------------------
19) N-1 Test
-----------------------------------------------------------------
N = R of preceding test
S = 1019925282488
R = 16601476984725073959590511947
B = 2

-----------------------------------------------------------------
20) EC Test
-----------------------------------------------------------------
N = R of preceding test
S = 9285430016
R = 1787906101938020443
A =-35
B = 98
T = 1

-----------------------------------------------------------------
21) N+1 Test
-----------------------------------------------------------------
N = R of preceding test
S = 246908
R = 7241183363593
Q = 5

-----------------------------------------------------------------
22) SPP Test
-----------------------------------------------------------------
N = R of preceding test

Started 01/07/2002 03:10:04 AM
Running time 4s

Candidate certified prime

=================================================================
