== ID:B26DC04CD92D1 =============================================

PRIMO 1.0.0 - Primality Certificate

Candidate 1/1
-------------
N = 1267617700951005189537696547196156120148404630231

Decimal size = 49
Binary size = 160

-----------------------------------------------------------------
1) EC Test
-----------------------------------------------------------------
N = Candidate
S = 10475
R = 121013623002482595659923326969236741607766469
A =-29480
B =-1948226
T = 1

-----------------------------------------------------------------
2) N+1 Test
-----------------------------------------------------------------
N = R of preceding test
S = 254610
R = 475290141795226407682036553824424577227
Q = 3

-----------------------------------------------------------------
3) EC Test
-----------------------------------------------------------------
N = R of preceding test
S = 35498934
R = 13388856741310215335350388991323
A =-30
B = 56
T = 0

-----------------------------------------------------------------
4) EC Test
-----------------------------------------------------------------
N = R of preceding test
S = 51304
R = 260971010862899902260599831
A =-35
B = 98
T = 1

-----------------------------------------------------------------
5) EC Test
-----------------------------------------------------------------
N = R of preceding test
S = 4064
R = 64215307791074865213301
A =-35
B =-98
T = 1

-----------------------------------------------------------------
6) N-1 Test
-----------------------------------------------------------------
N = R of preceding test
S = 1377300
R = 46624052705347321
B = 2

-----------------------------------------------------------------
7) N-1 Test
-----------------------------------------------------------------
N = R of preceding test
S = 136920
R = 340520396621
B = 2

-----------------------------------------------------------------
8) SPP Test
-----------------------------------------------------------------
N = R of preceding test

Started 12/25/2001 10:23:09 PM
Running time < 1s

Candidate certified prime

=================================================================
