== ID:B26F102996AB4 =============================================

PRIMO 1.0.0 - Primality Certificate

Candidate 1/1
-------------
N = 910409242326391377348778281801166102059139832131

Decimal size = 48
Binary size = 160

-----------------------------------------------------------------
1) N-1 Test
-----------------------------------------------------------------
N = Candidate
S = 270
R = 3371886082690338434625104747411726303922740119
B = 2

-----------------------------------------------------------------
2) N+1 Test
-----------------------------------------------------------------
N = R of preceding test
S = 127660040
R = 26413011328293007229396957320487494003
Q = 3

-----------------------------------------------------------------
3) EC Test
-----------------------------------------------------------------
N = R of preceding test
S = 3884
R = 6800466356409116175901531724531923
A =-4537405841413911864009286802021146173
B = 3024937227609274576006191201347430782
T = 1

-----------------------------------------------------------------
4) EC Test
-----------------------------------------------------------------
N = R of preceding test
S = 93273699
R = 72908723780849690721073873
A = 0
B = 6
T = 2

-----------------------------------------------------------------
5) EC Test
-----------------------------------------------------------------
N = R of preceding test
S = 8768176
R = 8315152864271043457
A = 0
B = 7
T = 1

-----------------------------------------------------------------
6) N-1 Test
-----------------------------------------------------------------
N = R of preceding test
S = 14208
R = 585244430199257
B = 2

-----------------------------------------------------------------
7) N-1 Test
-----------------------------------------------------------------
N = R of preceding test
S = 685096
R = 854251711
B = 2

-----------------------------------------------------------------
8) SPP Test
-----------------------------------------------------------------
N = R of preceding test

Started 01/15/2002 12:06:49 PM
Running time < 1s

Candidate certified prime

=================================================================
