== ID:B26DD022BF582 =============================================

PRIMO 1.0.0 - Primality Certificate

Candidate 1/1
-------------
N = 929857869954035706722619989283358182285540127919

Decimal size = 48
Binary size = 160

-----------------------------------------------------------------
1) EC Test
-----------------------------------------------------------------
N = Candidate
S = 16358959875
R = 56840891906279323074787982805960292327
A =-264
B =-1694
T = 0

-----------------------------------------------------------------
2) N-1 Test
-----------------------------------------------------------------
N = R of preceding test
S = 29488074
R = 1927589163886367182705387364599
B = 2

-----------------------------------------------------------------
3) N+1 Test
-----------------------------------------------------------------
N = R of preceding test
S = 529339329400
R = 3641499992209661009
Q = 3

-----------------------------------------------------------------
4) EC Test
-----------------------------------------------------------------
N = R of preceding test
S = 73498
R = 49545565806017
A = 1101668494093668714
B = 0
T = 1

-----------------------------------------------------------------
5) SPP Test
-----------------------------------------------------------------
N = R of preceding test

Started 12/26/2001 10:07:16 AM
Running time < 1s

Candidate certified prime

=================================================================
