== ID:B26DD023281FB =============================================

PRIMO 1.0.0 - Primality Certificate

Candidate 1/1
-------------
N = 128608627315561983995689348823040029407917387511932138301655\
    086853757823625949813056964297396828434974064582947791848182\
    53591161259721694704512528796767811

Decimal size = 155
Binary size = 512

-----------------------------------------------------------------
1) N+1 Test
-----------------------------------------------------------------
N = Candidate
S = 7011868
R = 183415642330349036798310163316023675014871055062548436881092\
    295025744671214503486170823947907787817702878295694944411649\
    7000679599176951805783070759
Q = 2

-----------------------------------------------------------------
2) EC Test
-----------------------------------------------------------------
N = R of preceding test
S = 25313472253355716
R = 724577175721257618382574148889197502680543686350642802514909\
    658033592943527566236793705899034486374880132023372538624920\
    42424354159
A = 100591325453083917089537117116000429510873065135376593740150\
    727361392874333196520708420759257153841791003403148827629140\
    02984913925538994359879447
B = 670608836353892780596914114106669530072487100902510624934338\
    182409285828887976804722805061714358945273356020992184194266\
    8656609283692662906586298
T = 1

-----------------------------------------------------------------
3) EC Test
-----------------------------------------------------------------
N = R of preceding test
S = 1068704413
R = 677995867619999823452187942719010277615971336267554836526074\
    734229513168767051136345662340299760994193373339770126188168\
    59
A = 0
B =-181144293930314404595643537222299375670135921587660700628727\
    414508398235881891559198426474758621593720033005843134656230\
    10606088540
T = 2

-----------------------------------------------------------------
4) EC Test
-----------------------------------------------------------------
N = R of preceding test
S = 401052708
R = 169054055513321661314449457032218886704530451959335688247260\
    188029009360023298230954169823848610723958330194726303
A = 254829926895962812205325003741023937336544458017578369370070\
    457626980987535221755041669175215086517057931007839072122748\
    22
B = 561120046093580663471793117456541343142941400774660325953112\
    729918503978988692087541079966231959866925037746973273142240\
    5
T = 1

-----------------------------------------------------------------
5) EC Test
-----------------------------------------------------------------
N = R of preceding test
S = 1361
R = 124213119407289978923181085255120416388339788361010792245770\
    706127326828816595434040853482337471404547070306097
A = 343902341157210589997415545768987447401879930426674795784148\
    96082736550873802726468640193460574890448323153680731
B = 792781745815879264379775220620054587283021460148902158013633\
    26731494153923634561297150070256586834951658834029255
T = 1

-----------------------------------------------------------------
6) N-1 Test
-----------------------------------------------------------------
N = R of preceding test
S = 5716445072
R = 217290847445914160483655715698829015859980939498496054552434\
    44719541394872095332544962741546565044043
B = 2

-----------------------------------------------------------------
7) EC Test
-----------------------------------------------------------------
N = R of preceding test
S = 139540611
R = 155718715783689782240996290104268653273978382894208831998617\
    780636164213412425191350428208101
A =-984334369715098953768083832543472254030541819049304372150732\
    8657147770216311134249899689392687828242
B = 680799116763145657667964973004485501795752522954506004076262\
    468415284813157688015054454253729795853
T = 2

-----------------------------------------------------------------
8) EC Test
-----------------------------------------------------------------
N = R of preceding test
S = 27771652
R = 560711029303153381876585123939579299330044834624638262178911\
    2163903752713285837334489
A =-774152137531000907494906618684627142778967084535793871836747\
    97457688678569012651062490484715
B = 648631384393119254117049040446175195181445928520829350713081\
    42147466079548638128095719827395
T = 0

-----------------------------------------------------------------
9) EC Test
-----------------------------------------------------------------
N = R of preceding test
S = 517
R = 108454744546064483921970043315199090779505843059127642761670\
    25898437673426069532809
A =-3440
B = 77658
T = 2

-----------------------------------------------------------------
10) EC Test
-----------------------------------------------------------------
N = R of preceding test
S = 202057
R = 536753215904742146631742742469694644479066377375983386416619\
    71712682675303649
A = 0
B = 38
T = 1

-----------------------------------------------------------------
11) N+1 Test
-----------------------------------------------------------------
N = R of preceding test
S = 2350
R = 228405623789251977290103294667955167863432501011056760177284\
    98601141563959
Q = 22

-----------------------------------------------------------------
12) N+1 Test
-----------------------------------------------------------------
N = R of preceding test
S = 3827880
R = 596689613543925037592879856912847758716136610894429188420966\
    6604267
Q = 17

-----------------------------------------------------------------
13) EC Test
-----------------------------------------------------------------
N = R of preceding test
S = 486
R = 122775640646898155883308612533507702874143209583742100334569\
    89539
A =-30
B =-56
T = 0

-----------------------------------------------------------------
14) N-1 Test
-----------------------------------------------------------------
N = R of preceding test
S = 4136053350294
R = 2968424975421822991126757418145852399722900177981427
B = 2

-----------------------------------------------------------------
15) EC Test
-----------------------------------------------------------------
N = R of preceding test
S = 4314311519916
R = 688041408627724330266138586154466021673
A = 0
B = 10
T = 3

-----------------------------------------------------------------
16) EC Test
-----------------------------------------------------------------
N = R of preceding test
S = 12736
R = 54023351808081370154270982946942447
A = 0
B = 5
T = 1

-----------------------------------------------------------------
17) N-1 Test
-----------------------------------------------------------------
N = R of preceding test
S = 243594
R = 221776200596407834980627531659
B = 2

-----------------------------------------------------------------
18) EC Test
-----------------------------------------------------------------
N = R of preceding test
S = 2121958
R = 104514887003610301841303
A = 43503779968309696298623372032
B =-36873255090204577889826225094
T = 0

-----------------------------------------------------------------
19) N-1 Test
-----------------------------------------------------------------
N = R of preceding test
S = 2
R = 52257443501805150920651
B = 2

-----------------------------------------------------------------
20) EC Test
-----------------------------------------------------------------
N = R of preceding test
S = 2199812
R = 23755413417936017
A =-152
B =-722
T = 0

-----------------------------------------------------------------
21) N-1 Test
-----------------------------------------------------------------
N = R of preceding test
S = 368
R = 64552753853087
B = 2

-----------------------------------------------------------------
22) SPP Test
-----------------------------------------------------------------
N = R of preceding test

Started 12/26/2001 10:14:25 AM
Running time 4s

Candidate certified prime

=================================================================
